<?xml version="1.0" encoding="UTF-8"?>
<!-- Generated by org.testng.reporters.JUnitXMLReporter -->
<testsuite ignored="2" hostname="DESKTOP-5966DD6" failures="0" tests="3" name="AddCustomerTest" time="0.778" errors="0" timestamp="2024-03-03T18:27:16 IST">
  <testcase classname="testCases.AddCustomerTest" name="addCustomerTest" time="0.114"/>
  <testcase classname="testCases.AddCustomerTest" name="addCustomerTest" time="0.088"/>
  <testcase classname="testCases.AddCustomerTest" name="addCustomerTest" time="0.099"/>
  <testcase classname="base.TestBase" name="@AfterSuite tearDown" time="0.0">
    <ignored/>
  </testcase> <!-- @AfterSuite tearDown -->
  <testcase classname="base.TestBase" name="@BeforeSuite setup" time="0.0">
    <ignored/>
  </testcase> <!-- @BeforeSuite setup -->
</testsuite> <!-- AddCustomerTest -->
