<?xml version="1.0" encoding="UTF-8"?>
<!-- Generated by org.testng.reporters.JUnitXMLReporter -->
<testsuite ignored="2" hostname="DESKTOP-5966DD6" failures="1" tests="1" name="BankManagerLoginTest" time="8.129" errors="0" timestamp="2024-02-28T20:31:08 IST">
  <testcase classname="testCases.BankManagerLoginTest" name="loginAsBankManager" time="7.125">
    <failure type="java.lang.AssertionError" message="login not successful">
      <![CDATA[java.lang.AssertionError: login not successful
at testCases.BankManagerLoginTest.loginAsBankManager(BankManagerLoginTest.java:33)
at java.base/java.util.ArrayList.forEach(ArrayList.java:1596)
... Removed 26 stack frames]]>
    </failure>
  </testcase> <!-- loginAsBankManager -->
  <testcase classname="base.TestBase" name="@BeforeSuite setup" time="0.0">
    <ignored/>
  </testcase> <!-- @BeforeSuite setup -->
  <testcase classname="base.TestBase" name="@AfterSuite tearDown" time="0.0">
    <ignored/>
  </testcase> <!-- @AfterSuite tearDown -->
</testsuite> <!-- BankManagerLoginTest -->
