<?xml version="1.0" encoding="UTF-8"?>
<!-- Generated by org.testng.reporters.JUnitXMLReporter -->
<testsuite ignored="2" hostname="DESKTOP-5966DD6" failures="0" tests="1" name="LoginTest" time="7.254" errors="0" timestamp="2024-02-26T15:27:44 IST">
  <testcase classname="testCases.BankManagerLoginTest" name="loginAsBankManager" time="7.165"/>
  <testcase classname="base.TestBase" name="@BeforeSuite setup" time="0.0">
    <ignored/>
  </testcase> <!-- @BeforeSuite setup -->
  <testcase classname="base.TestBase" name="@AfterSuite tearDown" time="0.0">
    <ignored/>
  </testcase> <!-- @AfterSuite tearDown -->
</testsuite> <!-- LoginTest -->
