<?xml version="1.0" encoding="UTF-8"?>
<!-- Generated by org.testng.reporters.JUnitXMLReporter -->
<testsuite ignored="2" hostname="DESKTOP-5966DD6" failures="0" tests="3" name="OpenAccountTest" time="38.146" errors="0" timestamp="2024-03-03T18:27:54 IST">
  <testcase classname="testCases.OpenAccountTest" name="openAccountTest" time="12.611"/>
  <testcase classname="testCases.OpenAccountTest" name="openAccountTest" time="12.491"/>
  <testcase classname="testCases.OpenAccountTest" name="openAccountTest" time="12.459"/>
  <testcase classname="base.TestBase" name="@BeforeSuite setup" time="0.0">
    <ignored/>
  </testcase> <!-- @BeforeSuite setup -->
  <testcase classname="base.TestBase" name="@AfterSuite tearDown" time="0.0">
    <ignored/>
  </testcase> <!-- @AfterSuite tearDown -->
</testsuite> <!-- OpenAccountTest -->
