<?xml version="1.0" encoding="UTF-8"?>
<testsuite name="AddCustomerTest"
           tests="3"
           failures="0"
           errors="0"
           skipped="0"
           time="0.221">
  <properties />
  
  
            <testcase name="addCustomer" time="0.061" classname="testCases.AddCustomerTest" />
                <testcase name="addCustomer" time="0.093" classname="testCases.AddCustomerTest" />
                <testcase name="addCustomer" time="0.067" classname="testCases.AddCustomerTest" />
      
</testsuite>
