<?xml version="1.0" encoding="UTF-8"?>
<testsuite name="OpenAccountTest"
           tests="3"
           failures="0"
           errors="0"
           skipped="0"
           time="37.991">
  <properties />
  
  
            <testcase name="openAccountTest" time="12.660" classname="testCases.OpenAccountTest" />
                <testcase name="openAccountTest" time="12.570" classname="testCases.OpenAccountTest" />
                <testcase name="openAccountTest" time="12.761" classname="testCases.OpenAccountTest" />
      
</testsuite>
