<?xml version="1.0" encoding="UTF-8"?>
<testsuite name="OpenAccountTest"
           tests="3"
           failures="0"
           errors="0"
           skipped="0"
           time="37.561">
  <properties />
  
  
            <testcase name="openAccountTest" time="12.491" classname="testCases.OpenAccountTest" />
                <testcase name="openAccountTest" time="12.611" classname="testCases.OpenAccountTest" />
                <testcase name="openAccountTest" time="12.459" classname="testCases.OpenAccountTest" />
      
</testsuite>
