<?xml version="1.0" encoding="UTF-8"?>
<testsuite name="AddAccountTest"
           tests="1"
           failures="1"
           errors="0"
           skipped="0"
           time="0.000">
  <properties />
            <testcase name="addAccountTest" time="0.000" classname="testCases.AddAccountTest">
                <failure type="java.lang.RuntimeException"
                  message="java.lang.NullPointerException: Cannot invoke &quot;org.apache.poi.xssf.usermodel.XSSFSheet.getPhysicalNumberOfRows()&quot; because &quot;this.sheet&quot; is null"
              >
<![CDATA[java.lang.RuntimeException: java.lang.NullPointerException: Cannot invoke "org.apache.poi.xssf.usermodel.XSSFSheet.getPhysicalNumberOfRows()" because "this.sheet" is null
  org.testng.internal.invokers.MethodInvocationHelper.invokeMethodNoCheckedException(MethodInvocationHelper.java:57)
  org.testng.internal.invokers.MethodInvocationHelper.invokeDataProvider(MethodInvocationHelper.java:157)
  org.testng.internal.Parameters.handleParameters(Parameters.java:812)
  org.testng.internal.Parameters.handleParameters(Parameters.java:737)
  org.testng.internal.invokers.ParameterHandler.handleParameters(ParameterHandler.java:72)
  org.testng.internal.invokers.ParameterHandler.createParameters(ParameterHandler.java:51)
  org.testng.internal.invokers.TestInvoker$MethodInvocationAgent.invoke(TestInvoker.java:915)
  org.testng.internal.invokers.TestInvoker.invokeTestMethods(TestInvoker.java:201)
  org.testng.internal.invokers.TestMethodWorker.invokeTestMethods(TestMethodWorker.java:148)
  org.testng.internal.invokers.TestMethodWorker.run(TestMethodWorker.java:128)
  java.base/java.util.ArrayList.forEach(ArrayList.java:1596)
  org.testng.TestRunner.privateRun(TestRunner.java:819)
  org.testng.TestRunner.run(TestRunner.java:619)
  org.testng.SuiteRunner.runTest(SuiteRunner.java:443)
  org.testng.SuiteRunner.runSequentially(SuiteRunner.java:437)
  org.testng.SuiteRunner.privateRun(SuiteRunner.java:397)
  org.testng.SuiteRunner.run(SuiteRunner.java:336)
  org.testng.SuiteRunnerWorker.runSuite(SuiteRunnerWorker.java:52)
  org.testng.SuiteRunnerWorker.run(SuiteRunnerWorker.java:95)
  org.testng.TestNG.runSuitesSequentially(TestNG.java:1301)
  org.testng.TestNG.runSuitesLocally(TestNG.java:1228)
  org.testng.TestNG.runSuites(TestNG.java:1134)
  org.testng.TestNG.run(TestNG.java:1101)
  org.testng.remote.AbstractRemoteTestNG.run(AbstractRemoteTestNG.java:115)
  org.testng.remote.RemoteTestNG.initAndRun(RemoteTestNG.java:251)
  org.testng.remote.RemoteTestNG.main(RemoteTestNG.java:77)
Caused by: java.lang.NullPointerException: Cannot invoke "org.apache.poi.xssf.usermodel.XSSFSheet.getPhysicalNumberOfRows()" because "this.sheet" is null
  utilities.ExcelReader.getRowCount(ExcelReader.java:39)
  utilities.TestUtil.getData(TestUtil.java:28)
  java.base/jdk.internal.reflect.DirectMethodHandleAccessor.invoke(DirectMethodHandleAccessor.java:103)
  java.base/java.lang.reflect.Method.invoke(Method.java:580)
  org.testng.internal.invokers.MethodInvocationHelper.invokeMethod(MethodInvocationHelper.java:139)
  org.testng.internal.invokers.MethodInvocationHelper.invokeMethod(MethodInvocationHelper.java:84)
  org.testng.internal.invokers.MethodInvocationHelper.invokeMethodNoCheckedException(MethodInvocationHelper.java:53)
  org.testng.internal.invokers.MethodInvocationHelper.invokeDataProvider(MethodInvocationHelper.java:157)
  org.testng.internal.Parameters.handleParameters(Parameters.java:812)
  org.testng.internal.Parameters.handleParameters(Parameters.java:737)
  org.testng.internal.invokers.ParameterHandler.handleParameters(ParameterHandler.java:72)
  org.testng.internal.invokers.ParameterHandler.createParameters(ParameterHandler.java:51)
  org.testng.internal.invokers.TestInvoker$MethodInvocationAgent.invoke(TestInvoker.java:915)
  org.testng.internal.invokers.TestInvoker.invokeTestMethods(TestInvoker.java:201)
  org.testng.internal.invokers.TestMethodWorker.invokeTestMethods(TestMethodWorker.java:148)
  org.testng.internal.invokers.TestMethodWorker.run(TestMethodWorker.java:128)
  java.base/java.util.ArrayList.forEach(ArrayList.java:1596)
  org.testng.TestRunner.privateRun(TestRunner.java:819)
  org.testng.TestRunner.run(TestRunner.java:619)
  org.testng.SuiteRunner.runTest(SuiteRunner.java:443)
  org.testng.SuiteRunner.runSequentially(SuiteRunner.java:437)
  org.testng.SuiteRunner.privateRun(SuiteRunner.java:397)
  org.testng.SuiteRunner.run(SuiteRunner.java:336)
  org.testng.SuiteRunnerWorker.runSuite(SuiteRunnerWorker.java:52)
  org.testng.SuiteRunnerWorker.run(SuiteRunnerWorker.java:95)
  org.testng.TestNG.runSuitesSequentially(TestNG.java:1301)
  org.testng.TestNG.runSuitesLocally(TestNG.java:1228)
  org.testng.TestNG.runSuites(TestNG.java:1134)
  org.testng.TestNG.run(TestNG.java:1101)
  org.testng.remote.AbstractRemoteTestNG.run(AbstractRemoteTestNG.java:115)
  org.testng.remote.RemoteTestNG.initAndRun(RemoteTestNG.java:251)
  org.testng.remote.RemoteTestNG.main(RemoteTestNG.java:77)
]]>
      </failure>

          </testcase>
  
  
  
</testsuite>
