<?xml version="1.0" encoding="UTF-8"?>
<testsuite name="AddCustomerTest"
           tests="3"
           failures="0"
           errors="0"
           skipped="0"
           time="0.234">
  <properties />
  
  
            <testcase name="addCustomerTest" time="0.064" classname="testCases.AddCustomerTest" />
                <testcase name="addCustomerTest" time="0.078" classname="testCases.AddCustomerTest" />
                <testcase name="addCustomerTest" time="0.092" classname="testCases.AddCustomerTest" />
      
</testsuite>
