<?xml version="1.0" encoding="UTF-8"?>
<testng-results ignored="0" total="7" passed="7" failed="0" skipped="0">
  <reporter-output>
    <line>
      <![CDATA[Login successfully executed]]>
    </line>
  </reporter-output>
  <suite started-at="2024-03-03T18:27:05 IST" name="Data Driven Basics" finished-at="2024-03-03T18:27:54 IST" duration-ms="48566">
    <groups>
    </groups>
    <test started-at="2024-03-03T18:27:05 IST" name="BankManagerLoginTest" finished-at="2024-03-03T18:27:15 IST" duration-ms="9383">
      <class name="testCases.BankManagerLoginTest">
        <test-method signature="bankManagerLoginTest()[pri:0, instance:testCases.BankManagerLoginTest@2a9bc08f]" started-at="2024-03-03T18:27:05 IST" name="bankManagerLoginTest" finished-at="2024-03-03T18:27:13 IST" duration-ms="7762" status="PASS">
          <reporter-output>
            <line>
              <![CDATA[Login successfully executed]]>
            </line>
          </reporter-output>
        </test-method> <!-- bankManagerLoginTest -->
      </class> <!-- testCases.BankManagerLoginTest -->
    </test> <!-- BankManagerLoginTest -->
    <test started-at="2024-03-03T18:27:15 IST" name="AddCustomerTest" finished-at="2024-03-03T18:27:16 IST" duration-ms="778">
      <class name="testCases.AddCustomerTest">
        <test-method signature="addCustomerTest(java.lang.String,java.lang.String,java.lang.String,java.lang.String)[pri:0, instance:testCases.AddCustomerTest@14bf57b2]" started-at="2024-03-03T18:27:15 IST" name="addCustomerTest" data-provider="dp" finished-at="2024-03-03T18:27:15 IST" duration-ms="114" status="PASS">
          <params>
            <param index="0">
              <value>
                <![CDATA[Sneha]]>
              </value>
            </param>
            <param index="1">
              <value>
                <![CDATA[Yadav]]>
              </value>
            </param>
            <param index="2">
              <value>
                <![CDATA[A24DG]]>
              </value>
            </param>
            <param index="3">
              <value>
                <![CDATA[Customer added successfully ]]>
              </value>
            </param>
          </params>
          <reporter-output>
          </reporter-output>
        </test-method> <!-- addCustomerTest -->
        <test-method signature="addCustomerTest(java.lang.String,java.lang.String,java.lang.String,java.lang.String)[pri:0, instance:testCases.AddCustomerTest@14bf57b2]" started-at="2024-03-03T18:27:15 IST" name="addCustomerTest" data-provider="dp" finished-at="2024-03-03T18:27:15 IST" duration-ms="88" status="PASS">
          <params>
            <param index="0">
              <value>
                <![CDATA[mahima]]>
              </value>
            </param>
            <param index="1">
              <value>
                <![CDATA[yadav]]>
              </value>
            </param>
            <param index="2">
              <value>
                <![CDATA[M5hl]]>
              </value>
            </param>
            <param index="3">
              <value>
                <![CDATA[Customer added successfully ]]>
              </value>
            </param>
          </params>
          <reporter-output>
          </reporter-output>
        </test-method> <!-- addCustomerTest -->
        <test-method signature="addCustomerTest(java.lang.String,java.lang.String,java.lang.String,java.lang.String)[pri:0, instance:testCases.AddCustomerTest@14bf57b2]" started-at="2024-03-03T18:27:15 IST" name="addCustomerTest" data-provider="dp" finished-at="2024-03-03T18:27:15 IST" duration-ms="99" status="PASS">
          <params>
            <param index="0">
              <value>
                <![CDATA[Amit]]>
              </value>
            </param>
            <param index="1">
              <value>
                <![CDATA[yadav]]>
              </value>
            </param>
            <param index="2">
              <value>
                <![CDATA[W9hk]]>
              </value>
            </param>
            <param index="3">
              <value>
                <![CDATA[Customer added successfully ]]>
              </value>
            </param>
          </params>
          <reporter-output>
          </reporter-output>
        </test-method> <!-- addCustomerTest -->
      </class> <!-- testCases.AddCustomerTest -->
    </test> <!-- AddCustomerTest -->
    <test started-at="2024-03-03T18:27:16 IST" name="OpenAccountTest" finished-at="2024-03-03T18:27:54 IST" duration-ms="38146">
      <class name="testCases.OpenAccountTest">
        <test-method is-config="true" signature="setup()[pri:0, instance:testCases.OpenAccountTest@345cf395]" started-at="2024-03-03T18:26:43 IST" name="setup" finished-at="2024-03-03T18:27:05 IST" duration-ms="22372" status="PASS">
          <reporter-output>
          </reporter-output>
        </test-method> <!-- setup -->
        <test-method signature="openAccountTest(java.lang.String,java.lang.String)[pri:0, instance:testCases.OpenAccountTest@345cf395]" started-at="2024-03-03T18:27:16 IST" name="openAccountTest" data-provider="dp" finished-at="2024-03-03T18:27:28 IST" duration-ms="12611" status="PASS">
          <params>
            <param index="0">
              <value>
                <![CDATA[Sneha Yadav]]>
              </value>
            </param>
            <param index="1">
              <value>
                <![CDATA[rupees]]>
              </value>
            </param>
          </params>
          <reporter-output>
          </reporter-output>
        </test-method> <!-- openAccountTest -->
        <test-method signature="openAccountTest(java.lang.String,java.lang.String)[pri:0, instance:testCases.OpenAccountTest@345cf395]" started-at="2024-03-03T18:27:29 IST" name="openAccountTest" data-provider="dp" finished-at="2024-03-03T18:27:41 IST" duration-ms="12491" status="PASS">
          <params>
            <param index="0">
              <value>
                <![CDATA[mahima yadav]]>
              </value>
            </param>
            <param index="1">
              <value>
                <![CDATA[euro]]>
              </value>
            </param>
          </params>
          <reporter-output>
          </reporter-output>
        </test-method> <!-- openAccountTest -->
        <test-method signature="openAccountTest(java.lang.String,java.lang.String)[pri:0, instance:testCases.OpenAccountTest@345cf395]" started-at="2024-03-03T18:27:41 IST" name="openAccountTest" data-provider="dp" finished-at="2024-03-03T18:27:54 IST" duration-ms="12459" status="PASS">
          <params>
            <param index="0">
              <value>
                <![CDATA[Amit yadav]]>
              </value>
            </param>
            <param index="1">
              <value>
                <![CDATA[dollar]]>
              </value>
            </param>
          </params>
          <reporter-output>
          </reporter-output>
        </test-method> <!-- openAccountTest -->
        <test-method is-config="true" signature="tearDown()[pri:0, instance:testCases.OpenAccountTest@345cf395]" started-at="2024-03-03T18:27:54 IST" name="tearDown" finished-at="2024-03-03T18:27:55 IST" duration-ms="977" status="PASS">
          <reporter-output>
          </reporter-output>
        </test-method> <!-- tearDown -->
      </class> <!-- testCases.OpenAccountTest -->
    </test> <!-- OpenAccountTest -->
  </suite> <!-- Data Driven Basics -->
</testng-results>
